# JRE version: OpenJDK Runtime Environment (15.0.1+9) (build 15.0.1+9-18)
# Java VM: OpenJDK 64-Bit Server VM (15.0.1+9-18, mixed mode, tiered, compressed oops, g1 gc, linux-amd64)
GC Precious Log:
 CPUs: 4 total, 4 available
 Memory: 3810M
 Large Page Support: Disabled
 NUMA Support: Disabled
 Compressed Oops: Enabled (32-bit)
 Heap Region Size: 1M
 Heap Min Capacity: 8M
 Heap Initial Capacity: 60M
 Heap Max Capacity: 954M
 Pre-touch: Disabled
 Parallel Workers: 4
 Concurrent Workers: 1
 Concurrent Refinement Workers: 4
 Periodic GC: Disabled
Heap:
 garbage-first heap   total 103424K, used 67507K [0x00000000c4600000, 0x0000000100000000)
  region size 1024K, 33 young (33792K), 6 survivors (6144K)
 Metaspace       used 80562K, capacity 81731K, committed 82048K, reserved 1122304K
  class space    used 9445K, capacity 9759K, committed 9856K, reserved 1048576K
GC Heap History (20 events):
Event: 750,832 GC heap before
{Heap before GC invocations=48 (full 4):
 garbage-first heap   total 103424K, used 70153K [0x00000000c4600000, 0x0000000100000000)
  region size 1024K, 37 young (37888K), 6 survivors (6144K)
 Metaspace       used 78644K, capacity 79493K, committed 80000K, reserved 1120256K
  class space    used 9319K, capacity 9557K, committed 9600K, reserved 1048576K
}
Event: 751,000 GC heap after
{Heap after GC invocations=49 (full 5):
 garbage-first heap   total 103424K, used 33503K [0x00000000c4600000, 0x0000000100000000)
  region size 1024K, 0 young (0K), 0 survivors (0K)
 Metaspace       used 78629K, capacity 79469K, committed 80000K, reserved 1120256K
  class space    used 9317K, capacity 9552K, committed 9600K, reserved 1048576K
}
Event: 752,720 GC heap before
{Heap before GC invocations=49 (full 5):
 garbage-first heap   total 103424K, used 78559K [0x00000000c4600000, 0x0000000100000000)
  region size 1024K, 45 young (46080K), 0 survivors (0K)
 Metaspace       used 78843K, capacity 79796K, committed 80384K, reserved 1120256K
  class space    used 9338K, capacity 9608K, committed 9728K, reserved 1048576K
}
Event: 752,725 GC heap after
{Heap after GC invocations=50 (full 5):
 garbage-first heap   total 103424K, used 36226K [0x00000000c4600000, 0x0000000100000000)
  region size 1024K, 3 young (3072K), 3 survivors (3072K)
 Metaspace       used 78843K, capacity 79796K, committed 80384K, reserved 1120256K
  class space    used 9338K, capacity 9608K, committed 9728K, reserved 1048576K
}
Event: 753,246 GC heap before
{Heap before GC invocations=50 (full 5):
 garbage-first heap   total 103424K, used 79234K [0x00000000c4600000, 0x0000000100000000)
  region size 1024K, 46 young (47104K), 3 survivors (3072K)
 Metaspace       used 78867K, capacity 79796K, committed 80384K, reserved 1120256K
  class space    used 9338K, capacity 9608K, committed 9728K, reserved 1048576K
}
Event: 753,254 GC heap after
{Heap after GC invocations=51 (full 5):
 garbage-first heap   total 103424K, used 36845K [0x00000000c4600000, 0x0000000100000000)
  region size 1024K, 4 young (4096K), 4 survivors (4096K)
 Metaspace       used 78867K, capacity 79796K, committed 80384K, reserved 1120256K
  class space    used 9338K, capacity 9608K, committed 9728K, reserved 1048576K
}
Event: 753,866 GC heap before
{Heap before GC invocations=51 (full 5):
 garbage-first heap   total 103424K, used 80877K [0x00000000c4600000, 0x0000000100000000)
  region size 1024K, 48 young (49152K), 4 survivors (4096K)
 Metaspace       used 79398K, capacity 80478K, committed 80640K, reserved 1120256K
  class space    used 9371K, capacity 9652K, committed 9728K, reserved 1048576K
}
Event: 753,875 GC heap after
{Heap after GC invocations=52 (full 5):
 garbage-first heap   total 103424K, used 40904K [0x00000000c4600000, 0x0000000100000000)
  region size 1024K, 6 young (6144K), 6 survivors (6144K)
 Metaspace       used 79398K, capacity 80478K, committed 80640K, reserved 1120256K
  class space    used 9371K, capacity 9652K, committed 9728K, reserved 1048576K
}
Event: 1679,506 GC heap before
{Heap before GC invocations=52 (full 5):
 garbage-first heap   total 103424K, used 79816K [0x00000000c4600000, 0x0000000100000000)
  region size 1024K, 44 young (45056K), 6 survivors (6144K)
 Metaspace       used 79768K, capacity 80806K, committed 80896K, reserved 1120256K
  class space    used 9386K, capacity 9695K, committed 9728K, reserved 1048576K
}
Event: 1679,518 GC heap after
{Heap after GC invocations=53 (full 5):
 garbage-first heap   total 103424K, used 42101K [0x00000000c4600000, 0x0000000100000000)
  region size 1024K, 2 young (2048K), 2 survivors (2048K)
 Metaspace       used 79768K, capacity 80806K, committed 80896K, reserved 1120256K
  class space    used 9386K, capacity 9695K, committed 9728K, reserved 1048576K
}
Event: 2543,260 GC heap before
{Heap before GC invocations=53 (full 5):
 garbage-first heap   total 103424K, used 81013K [0x00000000c4600000, 0x0000000100000000)
  region size 1024K, 40 young (40960K), 2 survivors (2048K)
 Metaspace       used 79812K, capacity 80870K, committed 81152K, reserved 1120256K
  class space    used 9386K, capacity 9695K, committed 9728K, reserved 1048576K
}
Event: 2543,268 GC heap after
{Heap after GC invocations=54 (full 5):
 garbage-first heap   total 103424K, used 44863K [0x00000000c4600000, 0x0000000100000000)
  region size 1024K, 5 young (5120K), 5 survivors (5120K)
 Metaspace       used 79812K, capacity 80870K, committed 81152K, reserved 1120256K
  class space    used 9386K, capacity 9695K, committed 9728K, reserved 1048576K
}
Event: 3997,228 GC heap before
{Heap before GC invocations=54 (full 5):
 garbage-first heap   total 103424K, used 71487K [0x00000000c4600000, 0x0000000100000000)
  region size 1024K, 32 young (32768K), 5 survivors (5120K)
 Metaspace       used 79875K, capacity 81004K, committed 81152K, reserved 1120256K
  class space    used 9388K, capacity 9697K, committed 9728K, reserved 1048576K
}
Event: 3997,310 GC heap after
{Heap after GC invocations=55 (full 6):
 garbage-first heap   total 103424K, used 32076K [0x00000000c4600000, 0x0000000100000000)
  region size 1024K, 0 young (0K), 0 survivors (0K)
 Metaspace       used 79656K, capacity 80673K, committed 81152K, reserved 1120256K
  class space    used 9350K, capacity 9623K, committed 9728K, reserved 1048576K
}
Event: 3998,933 GC heap before
{Heap before GC invocations=55 (full 6):
 garbage-first heap   total 103424K, used 80204K [0x00000000c4600000, 0x0000000100000000)
  region size 1024K, 48 young (49152K), 0 survivors (0K)
 Metaspace       used 79836K, capacity 80939K, committed 81536K, reserved 1120256K
  class space    used 9373K, capacity 9684K, committed 9856K, reserved 1048576K
}
Event: 3998,941 GC heap after
{Heap after GC invocations=56 (full 6):
 garbage-first heap   total 103424K, used 35789K [0x00000000c4600000, 0x0000000100000000)
  region size 1024K, 4 young (4096K), 4 survivors (4096K)
 Metaspace       used 79836K, capacity 80939K, committed 81536K, reserved 1120256K
  class space    used 9373K, capacity 9684K, committed 9856K, reserved 1048576K
}
Event: 3999,398 GC heap before
{Heap before GC invocations=56 (full 6):
 garbage-first heap   total 103424K, used 79821K [0x00000000c4600000, 0x0000000100000000)
  region size 1024K, 48 young (49152K), 4 survivors (4096K)
 Metaspace       used 79854K, capacity 80939K, committed 81536K, reserved 1120256K
  class space    used 9373K, capacity 9684K, committed 9856K, reserved 1048576K
}
Event: 3999,405 GC heap after
{Heap after GC invocations=57 (full 6):
 garbage-first heap   total 103424K, used 36808K [0x00000000c4600000, 0x0000000100000000)
  region size 1024K, 2 young (2048K), 2 survivors (2048K)
 Metaspace       used 79854K, capacity 80939K, committed 81536K, reserved 1120256K
  class space    used 9373K, capacity 9684K, committed 9856K, reserved 1048576K
}
Event: 4000,253 GC heap before
{Heap before GC invocations=57 (full 6):
 garbage-first heap   total 103424K, used 79816K [0x00000000c4600000, 0x0000000100000000)
  region size 1024K, 45 young (46080K), 2 survivors (2048K)
 Metaspace       used 80296K, capacity 81336K, committed 81792K, reserved 1122304K
  class space    used 9420K, capacity 9725K, committed 9856K, reserved 1048576K
}
Event: 4000,260 GC heap after
{Heap after GC invocations=58 (full 6):
 garbage-first heap   total 103424K, used 40883K [0x00000000c4600000, 0x0000000100000000)
  region size 1024K, 6 young (6144K), 6 survivors (6144K)
 Metaspace       used 80296K, capacity 81336K, committed 81792K, reserved 1122304K
  class space    used 9420K, capacity 9725K, committed 9856K, reserved 1048576K
}

